0 info it worked if it ends with ok
1 verbose cli [ '/usr/bin/nodejs',
1 verbose cli   '/usr/bin/npm',
1 verbose cli   'install',
1 verbose cli   'feedparser',
1 verbose cli   '--save' ]
2 info using npm@1.4.21
3 info using node@v0.10.25
4 verbose readDependencies using package.json deps
5 verbose cache add [ 'feedparser', null ]
6 verbose cache add name=undefined spec="feedparser" args=["feedparser",null]
7 verbose parsed url { protocol: null,
7 verbose parsed url   slashes: null,
7 verbose parsed url   auth: null,
7 verbose parsed url   host: null,
7 verbose parsed url   port: null,
7 verbose parsed url   hostname: null,
7 verbose parsed url   hash: null,
7 verbose parsed url   search: null,
7 verbose parsed url   query: null,
7 verbose parsed url   pathname: 'feedparser',
7 verbose parsed url   path: 'feedparser',
7 verbose parsed url   href: 'feedparser' }
8 silly lockFile 8f7efed8-feedparser feedparser
9 verbose lock feedparser /home/douglas/.npm/8f7efed8-feedparser.lock
10 silly lockFile 8f7efed8-feedparser feedparser
11 silly lockFile 8f7efed8-feedparser feedparser
12 verbose addNamed [ 'feedparser', '' ]
13 verbose addNamed [ null, '*' ]
14 silly lockFile b3b78cad-feedparser feedparser@
15 verbose lock feedparser@ /home/douglas/.npm/b3b78cad-feedparser.lock
16 silly addNameRange { name: 'feedparser', range: '*', hasData: false }
17 verbose request where is /feedparser
18 verbose request registry https://registry.npmjs.org/
19 verbose request id c0719dc01879537a
20 verbose url raw /feedparser
21 verbose url resolving [ 'https://registry.npmjs.org/', './feedparser' ]
22 verbose url resolved https://registry.npmjs.org/feedparser
23 verbose request where is https://registry.npmjs.org/feedparser
24 info trying registry request attempt 1 at 21:26:41
25 http GET https://registry.npmjs.org/feedparser
26 http 200 https://registry.npmjs.org/feedparser
27 silly registry.get cb [ 200,
27 silly registry.get   { server: 'CouchDB/1.5.0 (Erlang OTP/R16B03)',
27 silly registry.get     etag: '"52DQY9AD2TZ2D9FH9VPKCZPFK"',
27 silly registry.get     'content-type': 'application/json',
27 silly registry.get     'cache-control': 'max-age=60',
27 silly registry.get     'content-length': '100868',
27 silly registry.get     'accept-ranges': 'bytes',
27 silly registry.get     date: 'Mon, 28 Sep 2015 04:26:41 GMT',
27 silly registry.get     via: '1.1 varnish',
27 silly registry.get     age: '0',
27 silly registry.get     connection: 'keep-alive',
27 silly registry.get     'x-served-by': 'cache-lax1429-LAX',
27 silly registry.get     'x-cache': 'MISS',
27 silly registry.get     'x-cache-hits': '0',
27 silly registry.get     'x-timer': 'S1443414401.678153,VS0,VE47',
27 silly registry.get     vary: 'Accept' } ]
28 silly addNameRange number 2 { name: 'feedparser', range: '*', hasData: true }
29 silly addNameRange versions [ 'feedparser',
29 silly addNameRange   [ '0.1.0',
29 silly addNameRange     '0.1.1',
29 silly addNameRange     '0.2.0',
29 silly addNameRange     '0.2.1',
29 silly addNameRange     '0.2.2',
29 silly addNameRange     '0.3.0',
29 silly addNameRange     '0.3.1',
29 silly addNameRange     '0.3.2',
29 silly addNameRange     '0.3.3',
29 silly addNameRange     '0.4.0',
29 silly addNameRange     '0.4.1',
29 silly addNameRange     '0.4.2',
29 silly addNameRange     '0.4.3',
29 silly addNameRange     '0.4.4',
29 silly addNameRange     '0.4.5',
29 silly addNameRange     '0.4.6',
29 silly addNameRange     '0.9.0',
29 silly addNameRange     '0.9.1',
29 silly addNameRange     '0.9.2',
29 silly addNameRange     '0.9.3',
29 silly addNameRange     '0.9.4',
29 silly addNameRange     '0.9.5',
29 silly addNameRange     '0.9.6',
29 silly addNameRange     '0.9.7',
29 silly addNameRange     '0.9.8',
29 silly addNameRange     '0.9.9',
29 silly addNameRange     '0.9.10',
29 silly addNameRange     '0.9.11',
29 silly addNameRange     '0.9.12',
29 silly addNameRange     '0.9.13',
29 silly addNameRange     '0.9.14',
29 silly addNameRange     '0.9.15',
29 silly addNameRange     '0.10.0-beta',
29 silly addNameRange     '0.10.1',
29 silly addNameRange     '0.10.2',
29 silly addNameRange     '0.10.3',
29 silly addNameRange     '0.10.4',
29 silly addNameRange     '0.10.5',
29 silly addNameRange     '0.10.6',
29 silly addNameRange     '0.10.7',
29 silly addNameRange     '0.10.8',
29 silly addNameRange     '0.10.9',
29 silly addNameRange     '0.10.10',
29 silly addNameRange     '0.10.11',
29 silly addNameRange     '0.10.12',
29 silly addNameRange     '0.10.13',
29 silly addNameRange     '0.11.0',
29 silly addNameRange     '0.12.0',
29 silly addNameRange     '0.13.0',
29 silly addNameRange     '0.13.1',
29 silly addNameRange     '0.13.2',
29 silly addNameRange     '0.13.3',
29 silly addNameRange     '0.13.4',
29 silly addNameRange     '0.14.0',
29 silly addNameRange     '0.15.0',
29 silly addNameRange     '0.15.1',
29 silly addNameRange     '0.15.2',
29 silly addNameRange     '0.15.3',
29 silly addNameRange     '0.15.4',
29 silly addNameRange     '0.16.0',
29 silly addNameRange     '0.15.5',
29 silly addNameRange     '0.16.1',
29 silly addNameRange     '0.15.6',
29 silly addNameRange     '0.15.7',
29 silly addNameRange     '0.15.8',
29 silly addNameRange     '0.16.2',
29 silly addNameRange     '0.16.3',
29 silly addNameRange     '0.16.4',
29 silly addNameRange     '0.15.9',
29 silly addNameRange     '0.16.5',
29 silly addNameRange     '0.15.10',
29 silly addNameRange     '0.16.6',
29 silly addNameRange     '0.17.0',
29 silly addNameRange     '0.18.0',
29 silly addNameRange     '0.18.1',
29 silly addNameRange     '0.19.0',
29 silly addNameRange     '0.19.1',
29 silly addNameRange     '0.19.2',
29 silly addNameRange     '1.0.0',
29 silly addNameRange     '1.0.1',
29 silly addNameRange     '1.1.0',
29 silly addNameRange     '1.1.1',
29 silly addNameRange     '1.1.2',
29 silly addNameRange     '1.1.3' ] ]
30 verbose addNamed [ 'feedparser', '1.1.3' ]
31 verbose addNamed [ '1.1.3', '1.1.3' ]
32 silly lockFile b25d005a-feedparser-1-1-3 feedparser@1.1.3
33 verbose lock feedparser@1.1.3 /home/douglas/.npm/b25d005a-feedparser-1-1-3.lock
34 silly lockFile 1fe8d48e--feedparser-feedparser-1-1-3-tgz https://registry.npmjs.org/feedparser/-/feedparser-1.1.3.tgz
35 verbose lock https://registry.npmjs.org/feedparser/-/feedparser-1.1.3.tgz /home/douglas/.npm/1fe8d48e--feedparser-feedparser-1-1-3-tgz.lock
36 verbose addRemoteTarball [ 'https://registry.npmjs.org/feedparser/-/feedparser-1.1.3.tgz',
36 verbose addRemoteTarball   '0b725f6b4cbe4b26d518baec0d010ad020156c8b' ]
37 info retry fetch attempt 1 at 21:26:41
38 verbose fetch to= /tmp/npm-3487-7UnN_Pgn/registry.npmjs.org/feedparser/-/feedparser-1.1.3.tgz
39 http GET https://registry.npmjs.org/feedparser/-/feedparser-1.1.3.tgz
40 http 200 https://registry.npmjs.org/feedparser/-/feedparser-1.1.3.tgz
41 silly lockFile 1fe8d48e--feedparser-feedparser-1-1-3-tgz https://registry.npmjs.org/feedparser/-/feedparser-1.1.3.tgz
42 silly lockFile 1fe8d48e--feedparser-feedparser-1-1-3-tgz https://registry.npmjs.org/feedparser/-/feedparser-1.1.3.tgz
43 silly lockFile b25d005a-feedparser-1-1-3 feedparser@1.1.3
44 silly lockFile b25d005a-feedparser-1-1-3 feedparser@1.1.3
45 silly lockFile b3b78cad-feedparser feedparser@
46 silly lockFile b3b78cad-feedparser feedparser@
47 silly resolved [ { name: 'feedparser',
47 silly resolved     author: { name: 'Dan MacTough', email: 'danmactough@gmail.com' },
47 silly resolved     description: 'Robust RSS Atom and RDF feed parsing using sax js',
47 silly resolved     version: '1.1.3',
47 silly resolved     keywords:
47 silly resolved      [ 'rss',
47 silly resolved        'feed',
47 silly resolved        'atom',
47 silly resolved        'rdf',
47 silly resolved        'xml',
47 silly resolved        'syndication',
47 silly resolved        'rsscloud',
47 silly resolved        'pubsubhubbub' ],
47 silly resolved     license: 'MIT',
47 silly resolved     homepage: 'http://github.com/danmactough/node-feedparser',
47 silly resolved     repository:
47 silly resolved      { type: 'git',
47 silly resolved        url: 'git://github.com/danmactough/node-feedparser.git' },
47 silly resolved     bugs: { url: 'http://github.com/danmactough/node-feedparser/issues' },
47 silly resolved     main: 'main.js',
47 silly resolved     engines: { node: '>= 0.10.0' },
47 silly resolved     dependencies:
47 silly resolved      { sax: '~0.6.0',
47 silly resolved        addressparser: '~0.1.3',
47 silly resolved        'array-indexofobject': '~0.0.1',
47 silly resolved        'readable-stream': '~1.0.17' },
47 silly resolved     devDependencies: { iconv: '2.1.x', mocha: '~2.1.0', request: '2.27.x' },
47 silly resolved     scripts: { test: 'mocha' },
47 silly resolved     gitHead: '99ee7e2b39983cfa5d2c42b8ff7dec2ec4af8c72',
47 silly resolved     _id: 'feedparser@1.1.3',
47 silly resolved     _shasum: '0b725f6b4cbe4b26d518baec0d010ad020156c8b',
47 silly resolved     _from: 'feedparser@',
47 silly resolved     _npmVersion: '1.4.28',
47 silly resolved     _npmUser: { name: 'danmactough', email: 'danmactough@gmail.com' },
47 silly resolved     maintainers: [ [Object] ],
47 silly resolved     dist:
47 silly resolved      { shasum: '0b725f6b4cbe4b26d518baec0d010ad020156c8b',
47 silly resolved        tarball: 'http://registry.npmjs.org/feedparser/-/feedparser-1.1.3.tgz' },
47 silly resolved     directories: {},
47 silly resolved     _resolved: 'https://registry.npmjs.org/feedparser/-/feedparser-1.1.3.tgz' } ]
48 info install feedparser@1.1.3 into /home/douglas/Git/gredizer
49 info installOne feedparser@1.1.3
50 verbose node_modules/feedparser unbuild
51 verbose tar unpack /home/douglas/.npm/feedparser/1.1.3/package.tgz
52 silly lockFile 3bfbef2a-gredizer-node-modules-feedparser tar:///home/douglas/Git/gredizer/node_modules/feedparser
53 verbose lock tar:///home/douglas/Git/gredizer/node_modules/feedparser /home/douglas/.npm/3bfbef2a-gredizer-node-modules-feedparser.lock
54 silly lockFile c0bb2e41-npm-feedparser-1-1-3-package-tgz tar:///home/douglas/.npm/feedparser/1.1.3/package.tgz
55 verbose lock tar:///home/douglas/.npm/feedparser/1.1.3/package.tgz /home/douglas/.npm/c0bb2e41-npm-feedparser-1-1-3-package-tgz.lock
56 silly gunzTarPerm modes [ '775', '664' ]
57 silly gunzTarPerm extractEntry package.json
58 silly gunzTarPerm modified mode [ 'package.json', 420, 436 ]
59 silly gunzTarPerm extractEntry .npmignore
60 silly gunzTarPerm modified mode [ '.npmignore', 420, 436 ]
61 silly gunzTarPerm extractEntry README.md
62 silly gunzTarPerm modified mode [ 'README.md', 420, 436 ]
63 silly gunzTarPerm extractEntry LICENSE
64 silly gunzTarPerm modified mode [ 'LICENSE', 420, 436 ]
65 silly gunzTarPerm extractEntry utils.js
66 silly gunzTarPerm modified mode [ 'utils.js', 420, 436 ]
67 silly gunzTarPerm extractEntry main.js
68 silly gunzTarPerm modified mode [ 'main.js', 420, 436 ]
69 silly gunzTarPerm extractEntry namespaces.js
70 silly gunzTarPerm modified mode [ 'namespaces.js', 420, 436 ]
71 silly gunzTarPerm extractEntry test01.js
72 silly gunzTarPerm modified mode [ 'test01.js', 420, 436 ]
73 silly gunzTarPerm extractEntry History.md
74 silly gunzTarPerm modified mode [ 'History.md', 384, 436 ]
75 silly gunzTarPerm extractEntry Makefile
76 silly gunzTarPerm modified mode [ 'Makefile', 420, 436 ]
77 silly gunzTarPerm extractEntry .travis.yml
78 silly gunzTarPerm modified mode [ '.travis.yml', 420, 436 ]
79 silly gunzTarPerm extractEntry bin/dump.js
80 silly gunzTarPerm modified mode [ 'bin/dump.js', 493, 509 ]
81 silly gunzTarPerm extractEntry test/api.js
82 silly gunzTarPerm modified mode [ 'test/api.js', 420, 436 ]
83 silly gunzTarPerm extractEntry test/bad.js
84 silly gunzTarPerm modified mode [ 'test/bad.js', 420, 436 ]
85 silly gunzTarPerm extractEntry test/category.js
86 silly gunzTarPerm modified mode [ 'test/category.js', 420, 436 ]
87 silly gunzTarPerm extractEntry test/common.js
88 silly gunzTarPerm modified mode [ 'test/common.js', 420, 436 ]
89 silly gunzTarPerm extractEntry test/duplicate-enclosures.js
90 silly gunzTarPerm modified mode [ 'test/duplicate-enclosures.js', 420, 436 ]
91 silly gunzTarPerm extractEntry test/namespaces.js
92 silly gunzTarPerm modified mode [ 'test/namespaces.js', 420, 436 ]
93 silly gunzTarPerm extractEntry test/xmlbase.js
94 silly gunzTarPerm modified mode [ 'test/xmlbase.js', 420, 436 ]
95 silly gunzTarPerm extractEntry test/feeds/mediacontent-dupes.xml
96 silly gunzTarPerm modified mode [ 'test/feeds/mediacontent-dupes.xml', 420, 436 ]
97 silly gunzTarPerm extractEntry test/feeds/category-feed.xml
98 silly gunzTarPerm modified mode [ 'test/feeds/category-feed.xml', 420, 436 ]
99 silly gunzTarPerm extractEntry test/feeds/compressed.xml
100 silly gunzTarPerm modified mode [ 'test/feeds/compressed.xml', 420, 436 ]
101 silly gunzTarPerm extractEntry test/feeds/guid-dupes.xml
102 silly gunzTarPerm modified mode [ 'test/feeds/guid-dupes.xml', 420, 436 ]
103 silly gunzTarPerm extractEntry test/feeds/iconv.xml
104 silly gunzTarPerm modified mode [ 'test/feeds/iconv.xml', 420, 436 ]
105 silly gunzTarPerm extractEntry test/feeds/intertwingly.atom
106 silly gunzTarPerm modified mode [ 'test/feeds/intertwingly.atom', 420, 436 ]
107 silly gunzTarPerm extractEntry test/feeds/invalid-characters-gzipped.xml
108 silly gunzTarPerm modified mode [ 'test/feeds/invalid-characters-gzipped.xml', 420, 436 ]
109 silly gunzTarPerm extractEntry test/feeds/complexNamespaceFeed.xml
110 silly gunzTarPerm modified mode [ 'test/feeds/complexNamespaceFeed.xml', 420, 436 ]
111 silly gunzTarPerm extractEntry test/feeds/nondefaultnamespace-baseline.atom
112 silly gunzTarPerm modified mode [ 'test/feeds/nondefaultnamespace-baseline.atom', 420, 436 ]
113 silly gunzTarPerm extractEntry test/feeds/nondefaultnamespace-xhtml.atom
114 silly gunzTarPerm modified mode [ 'test/feeds/nondefaultnamespace-xhtml.atom', 420, 436 ]
115 silly gunzTarPerm extractEntry test/feeds/nondefaultnamespace.atom
116 silly gunzTarPerm modified mode [ 'test/feeds/nondefaultnamespace.atom', 420, 436 ]
117 silly gunzTarPerm extractEntry test/feeds/notafeed.html
118 silly gunzTarPerm modified mode [ 'test/feeds/notafeed.html', 420, 436 ]
119 silly gunzTarPerm extractEntry test/feeds/rss2sample.xml
120 silly gunzTarPerm modified mode [ 'test/feeds/rss2sample.xml', 420, 436 ]
121 silly gunzTarPerm extractEntry test/feeds/unknown-namespace.atom
122 silly gunzTarPerm modified mode [ 'test/feeds/unknown-namespace.atom', 420, 436 ]
123 silly gunzTarPerm extractEntry test/feeds/wapowellness.xml
124 silly gunzTarPerm modified mode [ 'test/feeds/wapowellness.xml', 420, 436 ]
125 silly gunzTarPerm extractEntry test/mocha.opts
126 silly gunzTarPerm modified mode [ 'test/mocha.opts', 420, 436 ]
127 silly gunzTarPerm extractEntry examples/compressed.js
128 silly gunzTarPerm modified mode [ 'examples/compressed.js', 420, 436 ]
129 silly gunzTarPerm extractEntry examples/iconv.js
130 silly gunzTarPerm modified mode [ 'examples/iconv.js', 420, 436 ]
131 silly gunzTarPerm extractEntry examples/simple.js
132 silly gunzTarPerm modified mode [ 'examples/simple.js', 420, 436 ]
133 silly lockFile 3bfbef2a-gredizer-node-modules-feedparser tar:///home/douglas/Git/gredizer/node_modules/feedparser
134 silly lockFile 3bfbef2a-gredizer-node-modules-feedparser tar:///home/douglas/Git/gredizer/node_modules/feedparser
135 silly lockFile c0bb2e41-npm-feedparser-1-1-3-package-tgz tar:///home/douglas/.npm/feedparser/1.1.3/package.tgz
136 silly lockFile c0bb2e41-npm-feedparser-1-1-3-package-tgz tar:///home/douglas/.npm/feedparser/1.1.3/package.tgz
137 info preinstall feedparser@1.1.3
138 verbose readDependencies using package.json deps
139 verbose readDependencies using package.json deps
140 verbose cache add [ 'array-indexofobject@~0.0.1', null ]
141 verbose cache add name=undefined spec="array-indexofobject@~0.0.1" args=["array-indexofobject@~0.0.1",null]
142 verbose parsed url { protocol: null,
142 verbose parsed url   slashes: null,
142 verbose parsed url   auth: null,
142 verbose parsed url   host: null,
142 verbose parsed url   port: null,
142 verbose parsed url   hostname: null,
142 verbose parsed url   hash: null,
142 verbose parsed url   search: null,
142 verbose parsed url   query: null,
142 verbose parsed url   pathname: 'array-indexofobject@~0.0.1',
142 verbose parsed url   path: 'array-indexofobject@~0.0.1',
142 verbose parsed url   href: 'array-indexofobject@~0.0.1' }
143 verbose cache add [ 'sax@~0.6.0', null ]
144 verbose cache add name=undefined spec="sax@~0.6.0" args=["sax@~0.6.0",null]
145 verbose parsed url { protocol: null,
145 verbose parsed url   slashes: null,
145 verbose parsed url   auth: null,
145 verbose parsed url   host: null,
145 verbose parsed url   port: null,
145 verbose parsed url   hostname: null,
145 verbose parsed url   hash: null,
145 verbose parsed url   search: null,
145 verbose parsed url   query: null,
145 verbose parsed url   pathname: 'sax@~0.6.0',
145 verbose parsed url   path: 'sax@~0.6.0',
145 verbose parsed url   href: 'sax@~0.6.0' }
146 verbose cache add [ 'addressparser@~0.1.3', null ]
147 verbose cache add name=undefined spec="addressparser@~0.1.3" args=["addressparser@~0.1.3",null]
148 verbose parsed url { protocol: null,
148 verbose parsed url   slashes: null,
148 verbose parsed url   auth: null,
148 verbose parsed url   host: null,
148 verbose parsed url   port: null,
148 verbose parsed url   hostname: null,
148 verbose parsed url   hash: null,
148 verbose parsed url   search: null,
148 verbose parsed url   query: null,
148 verbose parsed url   pathname: 'addressparser@~0.1.3',
148 verbose parsed url   path: 'addressparser@~0.1.3',
148 verbose parsed url   href: 'addressparser@~0.1.3' }
149 verbose cache add name="array-indexofobject" spec="~0.0.1" args=["array-indexofobject","~0.0.1"]
150 verbose parsed url { protocol: null,
150 verbose parsed url   slashes: null,
150 verbose parsed url   auth: null,
150 verbose parsed url   host: null,
150 verbose parsed url   port: null,
150 verbose parsed url   hostname: null,
150 verbose parsed url   hash: null,
150 verbose parsed url   search: null,
150 verbose parsed url   query: null,
150 verbose parsed url   pathname: '~0.0.1',
150 verbose parsed url   path: '~0.0.1',
150 verbose parsed url   href: '~0.0.1' }
151 verbose addNamed [ 'array-indexofobject', '~0.0.1' ]
152 verbose addNamed [ null, '>=0.0.1-0 <0.1.0-0' ]
153 silly lockFile a8ca2b4b-array-indexofobject-0-0-1 array-indexofobject@~0.0.1
154 verbose lock array-indexofobject@~0.0.1 /home/douglas/.npm/a8ca2b4b-array-indexofobject-0-0-1.lock
155 verbose cache add name="sax" spec="~0.6.0" args=["sax","~0.6.0"]
156 verbose parsed url { protocol: null,
156 verbose parsed url   slashes: null,
156 verbose parsed url   auth: null,
156 verbose parsed url   host: null,
156 verbose parsed url   port: null,
156 verbose parsed url   hostname: null,
156 verbose parsed url   hash: null,
156 verbose parsed url   search: null,
156 verbose parsed url   query: null,
156 verbose parsed url   pathname: '~0.6.0',
156 verbose parsed url   path: '~0.6.0',
156 verbose parsed url   href: '~0.6.0' }
157 verbose addNamed [ 'sax', '~0.6.0' ]
158 verbose addNamed [ null, '>=0.6.0-0 <0.7.0-0' ]
159 silly lockFile 5ea5ae90-sax-0-6-0 sax@~0.6.0
160 verbose lock sax@~0.6.0 /home/douglas/.npm/5ea5ae90-sax-0-6-0.lock
161 verbose cache add name="addressparser" spec="~0.1.3" args=["addressparser","~0.1.3"]
162 verbose parsed url { protocol: null,
162 verbose parsed url   slashes: null,
162 verbose parsed url   auth: null,
162 verbose parsed url   host: null,
162 verbose parsed url   port: null,
162 verbose parsed url   hostname: null,
162 verbose parsed url   hash: null,
162 verbose parsed url   search: null,
162 verbose parsed url   query: null,
162 verbose parsed url   pathname: '~0.1.3',
162 verbose parsed url   path: '~0.1.3',
162 verbose parsed url   href: '~0.1.3' }
163 verbose addNamed [ 'addressparser', '~0.1.3' ]
164 verbose addNamed [ null, '>=0.1.3-0 <0.2.0-0' ]
165 silly lockFile 2f535ff7-addressparser-0-1-3 addressparser@~0.1.3
166 verbose lock addressparser@~0.1.3 /home/douglas/.npm/2f535ff7-addressparser-0-1-3.lock
167 verbose cache add [ 'readable-stream@~1.0.17', null ]
168 verbose cache add name=undefined spec="readable-stream@~1.0.17" args=["readable-stream@~1.0.17",null]
169 verbose parsed url { protocol: null,
169 verbose parsed url   slashes: null,
169 verbose parsed url   auth: null,
169 verbose parsed url   host: null,
169 verbose parsed url   port: null,
169 verbose parsed url   hostname: null,
169 verbose parsed url   hash: null,
169 verbose parsed url   search: null,
169 verbose parsed url   query: null,
169 verbose parsed url   pathname: 'readable-stream@~1.0.17',
169 verbose parsed url   path: 'readable-stream@~1.0.17',
169 verbose parsed url   href: 'readable-stream@~1.0.17' }
170 verbose cache add name="readable-stream" spec="~1.0.17" args=["readable-stream","~1.0.17"]
171 verbose parsed url { protocol: null,
171 verbose parsed url   slashes: null,
171 verbose parsed url   auth: null,
171 verbose parsed url   host: null,
171 verbose parsed url   port: null,
171 verbose parsed url   hostname: null,
171 verbose parsed url   hash: null,
171 verbose parsed url   search: null,
171 verbose parsed url   query: null,
171 verbose parsed url   pathname: '~1.0.17',
171 verbose parsed url   path: '~1.0.17',
171 verbose parsed url   href: '~1.0.17' }
172 verbose addNamed [ 'readable-stream', '~1.0.17' ]
173 verbose addNamed [ null, '>=1.0.17-0 <1.1.0-0' ]
174 silly lockFile be40b10f-readable-stream-1-0-17 readable-stream@~1.0.17
175 verbose lock readable-stream@~1.0.17 /home/douglas/.npm/be40b10f-readable-stream-1-0-17.lock
176 silly addNameRange { name: 'array-indexofobject',
176 silly addNameRange   range: '>=0.0.1-0 <0.1.0-0',
176 silly addNameRange   hasData: false }
177 silly addNameRange { name: 'sax', range: '>=0.6.0-0 <0.7.0-0', hasData: false }
178 silly addNameRange { name: 'addressparser',
178 silly addNameRange   range: '>=0.1.3-0 <0.2.0-0',
178 silly addNameRange   hasData: false }
179 verbose request where is /array-indexofobject
180 verbose request registry https://registry.npmjs.org/
181 verbose url raw /array-indexofobject
182 verbose url resolving [ 'https://registry.npmjs.org/', './array-indexofobject' ]
183 verbose url resolved https://registry.npmjs.org/array-indexofobject
184 verbose request where is https://registry.npmjs.org/array-indexofobject
185 info trying registry request attempt 1 at 21:26:42
186 http GET https://registry.npmjs.org/array-indexofobject
187 verbose request where is /sax
188 verbose request registry https://registry.npmjs.org/
189 verbose url raw /sax
190 verbose url resolving [ 'https://registry.npmjs.org/', './sax' ]
191 verbose url resolved https://registry.npmjs.org/sax
192 verbose request where is https://registry.npmjs.org/sax
193 info trying registry request attempt 1 at 21:26:42
194 http GET https://registry.npmjs.org/sax
195 verbose request where is /addressparser
196 verbose request registry https://registry.npmjs.org/
197 verbose url raw /addressparser
198 verbose url resolving [ 'https://registry.npmjs.org/', './addressparser' ]
199 verbose url resolved https://registry.npmjs.org/addressparser
200 verbose request where is https://registry.npmjs.org/addressparser
201 info trying registry request attempt 1 at 21:26:42
202 http GET https://registry.npmjs.org/addressparser
203 silly addNameRange { name: 'readable-stream',
203 silly addNameRange   range: '>=1.0.17-0 <1.1.0-0',
203 silly addNameRange   hasData: false }
204 verbose request where is /readable-stream
205 verbose request registry https://registry.npmjs.org/
206 verbose url raw /readable-stream
207 verbose url resolving [ 'https://registry.npmjs.org/', './readable-stream' ]
208 verbose url resolved https://registry.npmjs.org/readable-stream
209 verbose request where is https://registry.npmjs.org/readable-stream
210 info trying registry request attempt 1 at 21:26:42
211 verbose etag "82TTSAI8QQG39EFUWDIODAL81"
212 http GET https://registry.npmjs.org/readable-stream
213 http 200 https://registry.npmjs.org/sax
214 silly registry.get cb [ 200,
214 silly registry.get   { server: 'CouchDB/1.5.0 (Erlang OTP/R16B03)',
214 silly registry.get     etag: '"20GVLN3DWP4V7RPS1TDDZ9ZR2"',
214 silly registry.get     'content-type': 'application/json',
214 silly registry.get     'cache-control': 'max-age=60',
214 silly registry.get     'content-length': '51072',
214 silly registry.get     'accept-ranges': 'bytes',
214 silly registry.get     date: 'Mon, 28 Sep 2015 04:26:42 GMT',
214 silly registry.get     via: '1.1 varnish',
214 silly registry.get     age: '35',
214 silly registry.get     connection: 'keep-alive',
214 silly registry.get     'x-served-by': 'cache-lax1433-LAX',
214 silly registry.get     'x-cache': 'HIT',
214 silly registry.get     'x-cache-hits': '3',
214 silly registry.get     'x-timer': 'S1443414402.272160,VS0,VE0',
214 silly registry.get     vary: 'Accept' } ]
215 silly addNameRange number 2 { name: 'sax', range: '>=0.6.0-0 <0.7.0-0', hasData: true }
216 silly addNameRange versions [ 'sax',
216 silly addNameRange   [ '0.1.0',
216 silly addNameRange     '0.1.1',
216 silly addNameRange     '0.1.2',
216 silly addNameRange     '0.1.3',
216 silly addNameRange     '0.1.4',
216 silly addNameRange     '0.1.5',
216 silly addNameRange     '0.2.0',
216 silly addNameRange     '0.2.1',
216 silly addNameRange     '0.2.2',
216 silly addNameRange     '0.2.3',
216 silly addNameRange     '0.2.4',
216 silly addNameRange     '0.2.5',
216 silly addNameRange     '0.3.0',
216 silly addNameRange     '0.3.1',
216 silly addNameRange     '0.3.2',
216 silly addNameRange     '0.3.3',
216 silly addNameRange     '0.3.4',
216 silly addNameRange     '0.3.5',
216 silly addNameRange     '0.4.1',
216 silly addNameRange     '0.4.0',
216 silly addNameRange     '0.4.2',
216 silly addNameRange     '0.4.3',
216 silly addNameRange     '0.5.0',
216 silly addNameRange     '0.5.1',
216 silly addNameRange     '0.5.2',
216 silly addNameRange     '0.5.3',
216 silly addNameRange     '0.5.4',
216 silly addNameRange     '0.5.5',
216 silly addNameRange     '0.5.6',
216 silly addNameRange     '0.5.7',
216 silly addNameRange     '0.5.8',
216 silly addNameRange     '0.6.0',
216 silly addNameRange     '0.6.1',
216 silly addNameRange     '1.0.0',
216 silly addNameRange     '1.1.0',
216 silly addNameRange     '1.1.1',
216 silly addNameRange     '1.1.2',
216 silly addNameRange     '1.1.3' ] ]
217 verbose addNamed [ 'sax', '0.6.1' ]
218 verbose addNamed [ '0.6.1', '0.6.1' ]
219 silly lockFile 777501d0-sax-0-6-1 sax@0.6.1
220 verbose lock sax@0.6.1 /home/douglas/.npm/777501d0-sax-0-6-1.lock
221 silly lockFile bdce5f69-stry-npmjs-org-sax-sax-0-6-1-tgz https://registry.npmjs.org/sax/-/sax-0.6.1.tgz
222 verbose lock https://registry.npmjs.org/sax/-/sax-0.6.1.tgz /home/douglas/.npm/bdce5f69-stry-npmjs-org-sax-sax-0-6-1-tgz.lock
223 verbose addRemoteTarball [ 'https://registry.npmjs.org/sax/-/sax-0.6.1.tgz',
223 verbose addRemoteTarball   '563b19c7c1de892e09bfc4f2fc30e3c27f0952b9' ]
224 info retry fetch attempt 1 at 21:26:42
225 verbose fetch to= /tmp/npm-3487-7UnN_Pgn/registry.npmjs.org/sax/-/sax-0.6.1.tgz
226 http GET https://registry.npmjs.org/sax/-/sax-0.6.1.tgz
227 http 304 https://registry.npmjs.org/readable-stream
228 silly registry.get cb [ 304,
228 silly registry.get   { date: 'Mon, 28 Sep 2015 04:26:42 GMT',
228 silly registry.get     via: '1.1 varnish',
228 silly registry.get     'cache-control': 'max-age=60',
228 silly registry.get     etag: '"82TTSAI8QQG39EFUWDIODAL81"',
228 silly registry.get     age: '35',
228 silly registry.get     connection: 'keep-alive',
228 silly registry.get     'x-served-by': 'cache-lax1429-LAX',
228 silly registry.get     'x-cache': 'HIT',
228 silly registry.get     'x-cache-hits': '5',
228 silly registry.get     'x-timer': 'S1443414402.318159,VS0,VE0',
228 silly registry.get     vary: 'Accept' } ]
229 verbose etag https://registry.npmjs.org/readable-stream from cache
230 http 200 https://registry.npmjs.org/array-indexofobject
231 silly registry.get cb [ 200,
231 silly registry.get   { server: 'CouchDB/1.5.0 (Erlang OTP/R16B03)',
231 silly registry.get     etag: '"92CH1KLS4IPS2IHIM0FCMVOKY"',
231 silly registry.get     'content-type': 'application/json',
231 silly registry.get     'cache-control': 'max-age=60',
231 silly registry.get     'content-length': '3289',
231 silly registry.get     'accept-ranges': 'bytes',
231 silly registry.get     date: 'Mon, 28 Sep 2015 04:26:42 GMT',
231 silly registry.get     via: '1.1 varnish',
231 silly registry.get     age: '0',
231 silly registry.get     connection: 'keep-alive',
231 silly registry.get     'x-served-by': 'cache-lax1425-LAX',
231 silly registry.get     'x-cache': 'MISS',
231 silly registry.get     'x-cache-hits': '0',
231 silly registry.get     'x-timer': 'S1443414402.270922,VS0,VE47',
231 silly registry.get     vary: 'Accept' } ]
232 silly addNameRange number 2 { name: 'readable-stream',
232 silly addNameRange   range: '>=1.0.17-0 <1.1.0-0',
232 silly addNameRange   hasData: true }
233 silly addNameRange versions [ 'readable-stream',
233 silly addNameRange   [ '0.0.1',
233 silly addNameRange     '0.0.2',
233 silly addNameRange     '0.0.3',
233 silly addNameRange     '0.0.4',
233 silly addNameRange     '0.1.0',
233 silly addNameRange     '0.2.0',
233 silly addNameRange     '0.3.0',
233 silly addNameRange     '0.3.1',
233 silly addNameRange     '1.0.0',
233 silly addNameRange     '1.0.1',
233 silly addNameRange     '1.0.2',
233 silly addNameRange     '1.0.15',
233 silly addNameRange     '1.0.17',
233 silly addNameRange     '1.1.7',
233 silly addNameRange     '1.1.8',
233 silly addNameRange     '1.1.9',
233 silly addNameRange     '1.0.24',
233 silly addNameRange     '1.0.25',
233 silly addNameRange     '1.1.10',
233 silly addNameRange     '1.0.25-1',
233 silly addNameRange     '1.1.11',
233 silly addNameRange     '1.0.26',
233 silly addNameRange     '1.0.26-1',
233 silly addNameRange     '1.1.11-1',
233 silly addNameRange     '1.0.26-2',
233 silly addNameRange     '1.1.12',
233 silly addNameRange     '1.0.26-3',
233 silly addNameRange     '1.0.26-4',
233 silly addNameRange     '1.1.12-1',
233 silly addNameRange     '1.0.27-1',
233 silly addNameRange     '1.1.13-1',
233 silly addNameRange     '1.0.31',
233 silly addNameRange     '1.1.13',
233 silly addNameRange     '1.0.32',
233 silly addNameRange     '1.0.32-1',
233 silly addNameRange     '1.0.33-1',
233 silly addNameRange     '1.0.33-2',
233 silly addNameRange     '1.0.33',
233 silly addNameRange     '2.0.0',
233 silly addNameRange     '2.0.1',
233 silly addNameRange     '2.0.2' ] ]
234 verbose addNamed [ 'readable-stream', '1.0.33' ]
235 verbose addNamed [ '1.0.33', '1.0.33' ]
236 silly lockFile f026aa23-readable-stream-1-0-33 readable-stream@1.0.33
237 verbose lock readable-stream@1.0.33 /home/douglas/.npm/f026aa23-readable-stream-1-0-33.lock
238 silly addNameRange number 2 { name: 'array-indexofobject',
238 silly addNameRange   range: '>=0.0.1-0 <0.1.0-0',
238 silly addNameRange   hasData: true }
239 silly addNameRange versions [ 'array-indexofobject', [ '0.0.1' ] ]
240 verbose addNamed [ 'array-indexofobject', '0.0.1' ]
241 verbose addNamed [ '0.0.1', '0.0.1' ]
242 silly lockFile 2e15a401-array-indexofobject-0-0-1 array-indexofobject@0.0.1
243 verbose lock array-indexofobject@0.0.1 /home/douglas/.npm/2e15a401-array-indexofobject-0-0-1.lock
244 silly lockFile ba8805c5-tream-readable-stream-1-0-33-tgz https://registry.npmjs.org/readable-stream/-/readable-stream-1.0.33.tgz
245 verbose lock https://registry.npmjs.org/readable-stream/-/readable-stream-1.0.33.tgz /home/douglas/.npm/ba8805c5-tream-readable-stream-1-0-33-tgz.lock
246 silly lockFile 32d75f05-ct-array-indexofobject-0-0-1-tgz https://registry.npmjs.org/array-indexofobject/-/array-indexofobject-0.0.1.tgz
247 verbose lock https://registry.npmjs.org/array-indexofobject/-/array-indexofobject-0.0.1.tgz /home/douglas/.npm/32d75f05-ct-array-indexofobject-0-0-1-tgz.lock
248 verbose addRemoteTarball [ 'https://registry.npmjs.org/readable-stream/-/readable-stream-1.0.33.tgz',
248 verbose addRemoteTarball   '3a360dd66c1b1d7fd4705389860eda1d0f61126c' ]
249 verbose addRemoteTarball [ 'https://registry.npmjs.org/array-indexofobject/-/array-indexofobject-0.0.1.tgz',
249 verbose addRemoteTarball   'aaa128e62c9b3c358094568c219ff64fe489d42a' ]
250 info retry fetch attempt 1 at 21:26:42
251 verbose fetch to= /tmp/npm-3487-7UnN_Pgn/registry.npmjs.org/readable-stream/-/readable-stream-1.0.33.tgz
252 info retry fetch attempt 1 at 21:26:42
253 verbose fetch to= /tmp/npm-3487-7UnN_Pgn/registry.npmjs.org/array-indexofobject/-/array-indexofobject-0.0.1.tgz
254 http GET https://registry.npmjs.org/readable-stream/-/readable-stream-1.0.33.tgz
255 http GET https://registry.npmjs.org/array-indexofobject/-/array-indexofobject-0.0.1.tgz
256 http 200 https://registry.npmjs.org/sax/-/sax-0.6.1.tgz
257 silly lockFile bdce5f69-stry-npmjs-org-sax-sax-0-6-1-tgz https://registry.npmjs.org/sax/-/sax-0.6.1.tgz
258 silly lockFile bdce5f69-stry-npmjs-org-sax-sax-0-6-1-tgz https://registry.npmjs.org/sax/-/sax-0.6.1.tgz
259 silly lockFile 777501d0-sax-0-6-1 sax@0.6.1
260 silly lockFile 777501d0-sax-0-6-1 sax@0.6.1
261 silly lockFile 5ea5ae90-sax-0-6-0 sax@~0.6.0
262 silly lockFile 5ea5ae90-sax-0-6-0 sax@~0.6.0
263 http 200 https://registry.npmjs.org/readable-stream/-/readable-stream-1.0.33.tgz
264 silly lockFile ba8805c5-tream-readable-stream-1-0-33-tgz https://registry.npmjs.org/readable-stream/-/readable-stream-1.0.33.tgz
265 silly lockFile ba8805c5-tream-readable-stream-1-0-33-tgz https://registry.npmjs.org/readable-stream/-/readable-stream-1.0.33.tgz
266 silly lockFile f026aa23-readable-stream-1-0-33 readable-stream@1.0.33
267 silly lockFile f026aa23-readable-stream-1-0-33 readable-stream@1.0.33
268 silly lockFile be40b10f-readable-stream-1-0-17 readable-stream@~1.0.17
269 silly lockFile be40b10f-readable-stream-1-0-17 readable-stream@~1.0.17
270 verbose about to build /home/douglas/Git/gredizer/node_modules/feedparser
271 verbose node_modules/feedparser unbuild
272 info preuninstall feedparser@1.1.3
273 info uninstall feedparser@1.1.3
274 verbose true,/home/douglas/Git/gredizer/node_modules,/home/douglas/Git/gredizer/node_modules unbuild feedparser@1.1.3
275 info postuninstall feedparser@1.1.3
276 error Error: EACCES, mkdir '/home/douglas/.npm/readable-stream/1.0.33'
276 error  { [Error: EACCES, mkdir '/home/douglas/.npm/readable-stream/1.0.33']
276 error   errno: 3,
276 error   code: 'EACCES',
276 error   path: '/home/douglas/.npm/readable-stream/1.0.33',
276 error   parent: 'feedparser' }
277 error Please try running this command again as root/Administrator.
278 error System Linux 3.19.0-28-generic
279 error command "/usr/bin/nodejs" "/usr/bin/npm" "install" "feedparser" "--save"
280 error cwd /home/douglas/Git/gredizer/api/controllers
281 error node -v v0.10.25
282 error npm -v 1.4.21
283 error path /home/douglas/.npm/readable-stream/1.0.33
284 error code EACCES
285 error errno 3
286 error stack Error: EACCES, mkdir '/home/douglas/.npm/readable-stream/1.0.33'
287 verbose exit [ 3, true ]
